make all --print-data-base --no-builtin-variables --no-builtin-rules --question
# GNU Make 3.81
# Copyright (C) 2006  Free Software Foundation, Inc.
# This is free software; see the source for copying conditions.
# There is NO warranty; not even for MERCHANTABILITY or FITNESS FOR A
# PARTICULAR PURPOSE.

# This program built for i386-apple-darwin11.3.0
 

# Make data base, printed on Thu Feb  3 20:26:51 2022

# Variables

 
# automatic
<D = $(patsubst %/,%,$(dir $<))
# automatic
?F = $(notdir $?)
# environment
VSCODE_LOG_NATIVE = false
# automatic
?D = $(patsubst %/,%,$(dir $?))
# automatic
@D = $(patsubst %/,%,$(dir $@))
# automatic
@F = $(notdir $@)
# makefile
CURDIR := /Users/sel-mars/Desktop/42Cursus/07_so_long/07_so_long_WIP
# makefile
SHELL = /bin/sh
# makefile (from `Makefile', line 21)
PGM = assets/mndt/so_long.c
# environment
VSCODE_NLS_CONFIG = {"locale":"en-us","availableLanguages":{},"_languagePackSupport":true}
# environment
_ = /usr/bin/make
# makefile (from `Makefile', line 19)
CFLAGS = -Wall -Wextra -Werror 
# makefile (from `Makefile', line 1)
MAKEFILE_LIST :=  Makefile
# makefile (from `Makefile', line 38)
BNSHDFL = assets/bns/so_long_bonus.h
# environment
VSCODE_VERBOSE_LOGGING = true
# makefile (from `Makefile', line 32)
OBJS = $(SRCS:%.c=%.o)
# environment
VSCODE_IPC_HOOK_EXTHOST = /var/folders/zz/zyxvpxvq6csfxvn_n000cd6000339h/T/vscode-ipc-4a775303-82e5-47b2-a3d3-0aeb6c708b7c.sock
# environment
VSCODE_CWD = /
# environment
Apple_PubSub_Socket_Render = /private/tmp/com.apple.launchd.BPGP3uxxEk/Render
# environment
PATH = /Users/sel-mars/goinfre/.brew/bin:/usr/local/bin:/usr/bin:/bin:/usr/sbin:/sbin:/usr/local/munki
# environment
LSCOLORS = Gxfxcxdxbxegedabagacad
# makefile (from `Makefile', line 17)
AR = ar rc
# environment
VSCODE_LOG_STACK = false
# environment
ELECTRON_RUN_AS_NODE = 1
# makefile (from `Makefile', line 23)
LIB = libso_long.a
# default
.FEATURES := target-specific order-only second-expansion else-if archives jobserver check-symlink
# environment
SSH_AUTH_SOCK = /private/tmp/com.apple.launchd.INXIlFqcZa/Listeners
# automatic
%F = $(notdir $%)
# environment
VSCODE_PIPE_LOGGING = true
# environment
PWD = /Users/sel-mars/Desktop/42Cursus/07_so_long/07_so_long_WIP
# makefile (from `Makefile', line 25)
HDFL = assets/mndt/so_long.h
# environment
ORIGINAL_XDG_CURRENT_DESKTOP = undefined
# environment
VSCODE_AMD_ENTRYPOINT = vs/workbench/services/extensions/node/extensionHostProcess
# environment
HOME = /Users/sel-mars
# default
MAKEFILEPATH = $(shell /usr/bin/xcode-select -print-path 2>/dev/null || echo /Developer)/Makefiles
# environment
VSCODE_CODE_CACHE_PATH = /Users/sel-mars/Library/Application Support/Code/CachedData/ccbaa2d27e38e5afa3e5c21c1c7bef4657064247
# environment
LOGNAME = sel-mars
# environment
APPLICATION_INSIGHTS_NO_DIAGNOSTIC_CHANNEL = true
# environment
ZSH = /Users/sel-mars/.oh-my-zsh
# environment
VSCODE_HANDLES_UNCAUGHT_ERRORS = true
# automatic
^D = $(patsubst %/,%,$(dir $^))
# environment
XPC_FLAGS = 0x0
# default
MAKE = $(MAKE_COMMAND)
# default
MAKECMDGOALS := all
# makefile (from `Makefile', line 27)
SRCS = assets/mndt/so_long_ext00.c assets/mndt/so_long_ext01.c assets/mndt/so_long_ext02.c assets/mndt/so_long_ext03.c assets/mndt/so_long_ext04.c assets/mndt/so_long_ext05.c assets/mndt/so_long_ext06.c assets/mndt/so_long_ext07.c assets/mndt/so_long_ext08.c assets/mndt/so_long_ext09.c assets/mndt/so_long_ext10.c
# environment
SHLVL = 1
# makefile (from `Makefile', line 45)
BNSOBJS = $(BNSSRCS:%.c=%.o)
# makefile (from `Makefile', line 15)
CC = gcc
# default
MAKE_VERSION := 3.81
# environment
USER = sel-mars
# makefile
.DEFAULT_GOAL := all
# makefile (from `Makefile', line 13)
NAME = so_long
# environment
LESS = -R
# automatic
%D = $(patsubst %/,%,$(dir $%))
# default
MAKE_COMMAND := /Library/Developer/CommandLineTools/usr/bin/make
# default
.VARIABLES := 
# environment
TMPDIR = /var/folders/zz/zyxvpxvq6csfxvn_n000cd6000339h/T/
# automatic
*F = $(notdir $*)
# environment
VSCODE_IPC_HOOK = /Users/sel-mars/Library/Application Support/Code/1.62.3-main.sock
# makefile
MAKEFLAGS = Rrqp
# environment
MFLAGS = -Rrqp
# automatic
*D = $(patsubst %/,%,$(dir $*))
# environment
XPC_SERVICE_NAME = com.apple.xpc.launchd.oneshot.0x10000001.Electron
# automatic
+D = $(patsubst %/,%,$(dir $+))
# automatic
+F = $(notdir $+)
# makefile (from `Makefile', line 34)
BNSPGM = assets/bns/so_long_bonus.c
# environment
__CF_USER_TEXT_ENCODING = 0x18D30:0x0:0x0
# environment
COMMAND_MODE = unix2003
# default
 
MAKEFILES := 
# environment
HOMEBREW_NO_AUTO_UPDATE = 1
# automatic
<F = $(notdir $<)
# makefile (from `Makefile', line 40)
BNSSRCS = assets/bns/so_long_ext00_bonus.c assets/bns/so_long_ext01_bonus.c assets/bns/so_long_ext02_bonus.c assets/bns/so_long_ext03_bonus.c assets/bns/so_long_ext04_bonus.c assets/bns/so_long_ext05_bonus.c assets/bns/so_long_ext06_bonus.c assets/bns/so_long_ext07_bonus.c assets/bns/so_long_ext08_bonus.c assets/bns/so_long_ext09_bonus.c assets/bns/so_long_ext10_bonus.c
# environment
PAGER = less
# environment
LC_ALL = C
# environment
SECURITYSESSIONID = 186a8
# automatic
^F = $(notdir $^)
# default
SUFFIXES := 
# default
.INCLUDE_DIRS = /usr/local/include
# environment
MAKELEVEL := 0
# makefile (from `Makefile', line 36)
BNSLIB = libso_long_bonus.a
# environment
LANG = C
# environment
VSCODE_PID = 7080
# variable set hash-table stats:
# Load=82/1024=8%, Rehash=0, Collisions=5/125=4%

# Pattern-specific Variable Values

# No pattern-specific variable values.

# Directories

# . (device 16777227, inode 3947710): 15 files, no impossibilities.

# 15 files, no impossibilities in 1 directories.

# Implicit Rules

# No implicit rules.

# Files

# Not a target:
assets/bns/so_long_ext01_bonus.o:
#  Implicit rule search has been done.
#  Last modified 2022-02-03 20:25:55
#  File has been updated.
#  Successfully updated.
# variable set hash-table stats:
# Load=0/32=0%, Rehash=0, Collisions=0/0=0%

# Not a target:
assets/bns/so_long_bonus.c:
#  Implicit rule search has been done.
#  Last modified 2022-02-03 20:09:33
#  File has been updated.
#  Successfully updated.
# variable set hash-table stats:
# Load=0/32=0%, Rehash=0, Collisions=0/0=0%

# Not a target:
assets/bns/so_long_ext10_bonus.o:
#  Implicit rule search has been done.
#  Last modified 2022-02-03 20:25:55
#  File has been updated.
#  Successfully updated.
# variable set hash-table stats:
# Load=0/32=0%, Rehash=0, Collisions=0/0=0%

all: so_long bonus
#  Phony target (prerequisite of .PHONY).
#  Command-line target.
#  Implicit rule search has not been done.
#  File does not exist.
#  File has been updated.
#  Needs to be updated (-q is set).
# variable set hash-table stats:
# Load=0/32=0%, Rehash=0, Collisions=0/9=0%

# Not a target:
assets/bns/so_long_ext02_bonus.o:
#  Implicit rule search has been done.
#  Last modified 2022-02-03 20:25:55
#  File has been updated.
#  Successfully updated.
# variable set hash-table stats:
# Load=0/32=0%, Rehash=0, Collisions=0/0=0%

.PHONY: all bonus norm clean fclean re
#  Implicit rule search has not been done.
#  Modification time never checked.
#  File has not been updated.

# Not a target:
assets/mndt/so_long_ext07.o:
#  Implicit rule search has been done.
#  Last modified 2022-02-03 20:25:49
#  File has been updated.
#  Successfully updated.
# variable set hash-table stats:
# Load=0/32=0%, Rehash=0, Collisions=0/0=0%

# Not a target:
assets/mndt/so_long_ext04.o:
#  Implicit rule search has been done.
#  Last modified 2022-02-03 20:25:49
#  File has been updated.
#  Successfully updated.
# variable set hash-table stats:
# Load=0/32=0%, Rehash=0, Collisions=0/0=0%

# Not a target:
assets/bns/so_long_bonus.h:
#  Implicit rule search has been done.
#  Last modified 2022-02-03 20:05:37
#  File has been updated.
#  Successfully updated.
# variable set hash-table stats:
# Load=0/32=0%, Rehash=0, Collisions=0/0=0%

# Not a target:
assets/mndt/so_long_ext08.o:
#  Implicit rule search has been done.
#  Last modified 2022-02-03 20:25:49
#  File has been updated.
#  Successfully updated.
# variable set hash-table stats:
# Load=0/32=0%, Rehash=0, Collisions=0/0=0%

# Not a target:
.SUFFIXES:
#  Implicit rule search has not been done.
#  Modification time never checked.
#  File has not been updated.

# Not a target:
Makefile:
#  Implicit rule search has been done.
#  Last modified 2022-02-03 20:20:28
#  File has been updated.
#  Successfully updated.
# variable set hash-table stats:
# Load=0/32=0%, Rehash=0, Collisions=0/0=0%

# Not a target:
assets/bns/so_long_ext03_bonus.o:
#  Implicit rule search has been done.
#  Last modified 2022-02-03 20:25:55
#  File has been updated.
#  Successfully updated.
# variable set hash-table stats:
# Load=0/32=0%, Rehash=0, Collisions=0/0=0%

# Not a target:
assets/mndt/so_long_ext09.o:
#  Implicit rule search has been done.
#  Last modified 2022-02-03 20:25:49
#  File has been updated.
#  Successfully updated.
# variable set hash-table stats:
# Load=0/32=0%, Rehash=0, Collisions=0/0=0%

# Not a target:
assets/bns/so_long_ext05_bonus.o:
#  Implicit rule search has been done.
#  Last modified 2022-02-03 20:25:55
#  File has been updated.
#  Successfully updated.
# variable set hash-table stats:
# Load=0/32=0%, Rehash=0, Collisions=0/0=0%

# Not a target:
assets/mndt/so_long_ext06.o:
#  Implicit rule search has been done.
#  Last modified 2022-02-03 20:25:49
#  File has been updated.
#  Successfully updated.
# variable set hash-table stats:
# Load=0/32=0%, Rehash=0, Collisions=0/0=0%

bonus: assets/bns/so_long_ext00_bonus.o assets/bns/so_long_ext01_bonus.o assets/bns/so_long_ext02_bonus.o assets/bns/so_long_ext03_bonus.o assets/bns/so_long_ext04_bonus.o assets/bns/so_long_ext05_bonus.o assets/bns/so_long_ext06_bonus.o assets/bns/so_long_ext07_bonus.o assets/bns/so_long_ext08_bonus.o assets/bns/so_long_ext09_bonus.o assets/bns/so_long_ext10_bonus.o assets/bns/so_long_bonus.c assets/bns/so_long_bonus.h
#  Phony target (prerequisite of .PHONY).
#  Implicit rule search has not been done.
#  Implicit/static pattern stem: `'
#  File does not exist.
#  File has been updated.
#  Needs to be updated (-q is set).
# automatic
# @ := bonus
# automatic
# % := 
# automatic
# * := 
# automatic
# + := assets/bns/so_long_ext00_bonus.o assets/bns/so_long_ext01_bonus.o assets/bns/so_long_ext02_bonus.o assets/bns/so_long_ext03_bonus.o assets/bns/so_long_ext04_bonus.o assets/bns/so_long_ext05_bonus.o assets/bns/so_long_ext06_bonus.o assets/bns/so_long_ext07_bonus.o assets/bns/so_long_ext08_bonus.o assets/bns/so_long_ext09_bonus.o assets/bns/so_long_ext10_bonus.o assets/bns/so_long_bonus.c assets/bns/so_long_bonus.h
# automatic
# | := 
# automatic
# < := assets/bns/so_long_ext00_bonus.o
# automatic
# ^ := assets/bns/so_long_ext00_bonus.o assets/bns/so_long_ext01_bonus.o assets/bns/so_long_ext02_bonus.o assets/bns/so_long_ext03_bonus.o assets/bns/so_long_ext04_bonus.o assets/bns/so_long_ext05_bonus.o assets/bns/so_long_ext06_bonus.o assets/bns/so_long_ext07_bonus.o assets/bns/so_long_ext08_bonus.o assets/bns/so_long_ext09_bonus.o assets/bns/so_long_ext10_bonus.o assets/bns/so_long_bonus.c assets/bns/so_long_bonus.h
# automatic
# ? := assets/bns/so_long_ext00_bonus.o assets/bns/so_long_ext01_bonus.o assets/bns/so_long_ext02_bonus.o assets/bns/so_long_ext03_bonus.o assets/bns/so_long_ext04_bonus.o assets/bns/so_long_ext05_bonus.o assets/bns/so_long_ext06_bonus.o assets/bns/so_long_ext07_bonus.o assets/bns/so_long_ext08_bonus.o assets/bns/so_long_ext09_bonus.o assets/bns/so_long_ext10_bonus.o assets/bns/so_long_bonus.c assets/bns/so_long_bonus.h
# variable set hash-table stats:
# Load=8/32=25%, Rehash=0, Collisions=1/17=6%
#  commands to execute (from `Makefile', line 56):
	@(cd libft/; make;)
	@(cd mlx/; make;)
	@$(AR) $(BNSLIB) $(BNSOBJS)
	@$(CC) $(CFLAGS) $(BNSPGM) -L./mlx -lmlx -framework OpenGL -framework AppKit -L./libft -lft -L. -lso_long_bonus -o so_long_bonus
	

fclean: clean
#  Phony target (prerequisite of .PHONY).
#  Implicit rule search has not been done.
#  File does not exist.
#  File has not been updated.
#  commands to execute (from `Makefile', line 70):
	@(cd libft/; make fclean;)
	@/bin/rm -f $(NAME) $(LIB) $(BNSLIB) so_long_bonus
	

# Not a target:
assets/mndt/so_long_ext00.o:
#  Implicit rule search has been done.
#  Last modified 2022-02-03 20:25:48
#  File has been updated.
#  Successfully updated.
# variable set hash-table stats:
# Load=0/32=0%, Rehash=0, Collisions=0/0=0%

norm:
#  Phony target (prerequisite of .PHONY).
#  Implicit rule search has not been done.
#  File does not exist.
#  File has not been updated.
#  commands to execute (from `Makefile', line 62):
 
	@norminette $(PGM) $(SRCS) $(HDFL) $(BNSPGM) $(BNSSRCS) $(BNSHDFL) libft/
	

# Not a target:
assets/mndt/so_long_ext01.o:
#  Implicit rule search has been done.
#  Last modified 2022-02-03 20:25:49
#  File has been updated.
#  Successfully updated.
# variable set hash-table stats:
# Load=0/32=0%, Rehash=0, Collisions=0/0=0%

# Not a target:
assets/mndt/so_long.c:
#  Implicit rule search has been done.
#  Last modified 2022-02-03 20:16:53
#  File has been updated.
#  Successfully updated.
# variable set hash-table stats:
# Load=0/32=0%, Rehash=0, Collisions=0/0=0%

# Not a target:
.DEFAULT:
#  Implicit rule search has not been done.
#  Modification time never checked.
#  File has not been updated.

# Not a target:
assets/mndt/so_long_ext10.o:
#  Implicit rule search has been done.
#  Last modified 2022-02-03 20:25:49
#  File has been updated.
#  Successfully updated.
# variable set hash-table stats:
# Load=0/32=0%, Rehash=0, Collisions=0/0=0%

# Not a target:
assets/mndt/so_long_ext02.o:
#  Implicit rule search has been done.
#  Last modified 2022-02-03 20:25:49
#  File has been updated.
#  Successfully updated.
# variable set hash-table stats:
# Load=0/32=0%, Rehash=0, Collisions=0/0=0%

# Not a target:
assets/bns/so_long_ext07_bonus.o:
#  Implicit rule search has been done.
#  Last modified 2022-02-03 20:25:55
#  File has been updated.
#  Successfully updated.
# variable set hash-table stats:
# Load=0/32=0%, Rehash=0, Collisions=0/0=0%

re: fclean all
#  Phony target (prerequisite of .PHONY).
#  Implicit rule search has not been done.
#  File does not exist.
#  File has not been updated.

clean:
#  Phony target (prerequisite of .PHONY).
#  Implicit rule search has not been done.
#  File does not exist.
#  File has not been updated.
#  commands to execute (from `Makefile', line 65):
	@(cd libft/; make clean;)
	@(cd mlx/; make clean;)
	@/bin/rm -f $(OBJS) $(BNSOBJS)
	

# Not a target:
assets/bns/so_long_ext04_bonus.o:
#  Implicit rule search has been done.
#  Last modified 2022-02-03 20:25:55
#  File has been updated.
#  Successfully updated.
# variable set hash-table stats:
# Load=0/32=0%, Rehash=0, Collisions=0/0=0%

# Not a target:
assets/mndt/so_long.h:
#  Implicit rule search has been done.
#  Last modified 2022-02-03 20:16:35
#  File has been updated.
#  Successfully updated.
# variable set hash-table stats:
# Load=0/32=0%, Rehash=0, Collisions=0/0=0%

# Not a target:
assets/bns/so_long_ext08_bonus.o:
#  Implicit rule search has been done.
#  Last modified 2022-02-03 20:25:55
#  File has been updated.
#  Successfully updated.
# variable set hash-table stats:
# Load=0/32=0%, Rehash=0, Collisions=0/0=0%

# Not a target:
assets/mndt/so_long_ext03.o:
#  Implicit rule search has been done.
#  Last modified 2022-02-03 20:25:49
#  File has been updated.
#  Successfully updated.
# variable set hash-table stats:
# Load=0/32=0%, Rehash=0, Collisions=0/0=0%

so_long: assets/mndt/so_long_ext00.o assets/mndt/so_long_ext01.o assets/mndt/so_long_ext02.o assets/mndt/so_long_ext03.o assets/mndt/so_long_ext04.o assets/mndt/so_long_ext05.o assets/mndt/so_long_ext06.o assets/mndt/so_long_ext07.o assets/mndt/so_long_ext08.o assets/mndt/so_long_ext09.o assets/mndt/so_long_ext10.o assets/mndt/so_long.c assets/mndt/so_long.h
#  Implicit rule search has not been done.
#  Last modified 2022-02-03 20:25:55
#  File has been updated.
#  Successfully updated.
# variable set hash-table stats:
# Load=0/32=0%, Rehash=0, Collisions=0/0=0%
#  commands to execute (from `Makefile', line 50):
	@(cd libft/; make;)
	@(cd mlx/; make;)
	@$(AR) $(LIB) $(OBJS)
	@$(CC) $(CFLAGS) $(PGM) -L./mlx -lmlx -framework OpenGL -framework AppKit -L./libft -lft -L. -lso_long -o $(NAME)
	

# Not a target:
assets/bns/so_long_ext06_bonus.o:
#  Implicit rule search has been done.
#  Last modified 2022-02-03 20:25:55
#  File has been updated.
#  Successfully updated.
# variable set hash-table stats:
# Load=0/32=0%, Rehash=0, Collisions=0/0=0%

# Not a target:
assets/mndt/so_long_ext05.o:
#  Implicit rule search has been done.
#  Last modified 2022-02-03 20:25:49
#  File has been updated.
#  Successfully updated.
# variable set hash-table stats:
# Load=0/32=0%, Rehash=0, Collisions=0/0=0%

# Not a target:
assets/bns/so_long_ext00_bonus.o:
#  Implicit rule search has been done.
#  Last modified 2022-02-03 20:25:55
#  File has been updated.
#  Successfully updated.
# variable set hash-table stats:
# Load=0/32=0%, Rehash=0, Collisions=0/0=0%

# Not a target:
assets/bns/so_long_ext09_bonus.o:
#  Implicit rule search has been done.
#  Last modified 2022-02-03 20:25:55
#  File has been updated.
#  Successfully updated.
# variable set hash-table stats:
# Load=0/32=0%, Rehash=0, Collisions=0/0=0%

# files hash-table stats:
# Load=37/1024=4%, Rehash=0, Collisions=13/88=15%
# VPATH Search Paths

# No `vpath' search paths.

# No general (`VPATH' variable) search path.

# # of strings in strcache: 1
# # of strcache buffers: 1
# strcache size: total = 4096 / max = 4096 / min = 4096 / avg = 4096
# strcache free: total = 4087 / max = 4087 / min = 4087 / avg = 4087

# Finished Make data base on Thu Feb  3 20:26:51 2022

 
